<?xml version="1.0" encoding="UTF-8"?>
<!-- Generated by org.testng.reporters.JUnitReportReporter -->
<testsuite hostname="Sudhakar" name="sample_prgroams.sampletest" tests="1" failures="0" timestamp="21 Aug 2016 12:50:41 GMT" time="33.976" errors="0">
  <testcase name="f" time="33.976" classname="sample_prgroams.sampletest"/>
</testsuite> <!-- sample_prgroams.sampletest -->
